<?xml version="1.0" encoding="UTF-8"?>
<testng-results skipped="0" failed="0" ignored="0" total="1" passed="1">
  <reporter-output>
  </reporter-output>
  <suite name="Suite" duration-ms="33152" started-at="2018-09-20T03:54:30Z" finished-at="2018-09-20T03:55:03Z">
    <groups>
    </groups>
    <test name="Test" duration-ms="33152" started-at="2018-09-20T03:54:30Z" finished-at="2018-09-20T03:55:03Z">
      <class name="testcase.createAccountSkipConcern">
        <test-method status="PASS" signature="setUp(java.lang.String)[pri:0, instance:testcase.createAccountSkipConcern@3a883ce7]" name="setUp" is-config="true" duration-ms="2168" started-at="2018-09-20T10:54:30Z" finished-at="2018-09-20T10:54:32Z">
          <params>
            <param index="0">
              <value>
                <![CDATA[chrome]]>
              </value>
            </param>
          </params>
          <reporter-output>
          </reporter-output>
        </test-method> <!-- setUp -->
        <test-method status="PASS" signature="scenario_satu(java.lang.String, java.lang.String, java.lang.String, java.lang.String)[pri:0, instance:testcase.createAccountSkipConcern@3a883ce7]" name="scenario_satu" duration-ms="30610" started-at="2018-09-20T10:54:33Z" data-provider="existingCust" finished-at="2018-09-20T10:55:03Z">
          <params>
            <param index="0">
              <value>
                <![CDATA[qaskip04@mailinator.com]]>
              </value>
            </param>
            <param index="1">
              <value>
                <![CDATA[test123]]>
              </value>
            </param>
            <param index="2">
              <value>
                <![CDATA[test123]]>
              </value>
            </param>
            <param index="3">
              <value>
                <![CDATA[qaskip04]]>
              </value>
            </param>
          </params>
          <reporter-output>
          </reporter-output>
        </test-method> <!-- scenario_satu -->
        <test-method status="PASS" signature="tearDown()[pri:0, instance:testcase.createAccountSkipConcern@3a883ce7]" name="tearDown" is-config="true" duration-ms="0" started-at="2018-09-20T10:55:03Z" finished-at="2018-09-20T10:55:03Z">
          <reporter-output>
          </reporter-output>
        </test-method> <!-- tearDown -->
      </class> <!-- testcase.createAccountSkipConcern -->
    </test> <!-- Test -->
  </suite> <!-- Suite -->
</testng-results>
