<?xml version="1.0" encoding="UTF-8"?>
<testng-results skipped="0" failed="0" ignored="0" total="1" passed="1">
  <reporter-output>
  </reporter-output>
  <suite name="Suite" duration-ms="47300" started-at="2018-05-16T09:27:09Z" finished-at="2018-05-16T09:27:57Z">
    <groups>
    </groups>
    <test name="Test" duration-ms="47300" started-at="2018-05-16T09:27:09Z" finished-at="2018-05-16T09:27:57Z">
      <class name="testcase.hoverProductAlreadyReviewed">
        <test-method status="PASS" signature="setUp(java.lang.String)[pri:0, instance:testcase.hoverProductAlreadyReviewed@4232c52b]" name="setUp" is-config="true" duration-ms="1700" started-at="2018-05-16T16:27:09Z" finished-at="2018-05-16T16:27:11Z">
          <params>
            <param index="0">
              <value>
                <![CDATA[chrome]]>
              </value>
            </param>
          </params>
          <reporter-output>
          </reporter-output>
        </test-method> <!-- setUp -->
        <test-method status="PASS" signature="scenario_satu(java.lang.String, java.lang.String, java.lang.String, java.lang.String)[pri:0, instance:testcase.hoverProductAlreadyReviewed@4232c52b]" name="scenario_satu" duration-ms="45336" started-at="2018-05-16T16:27:11Z" data-provider="existingCust" finished-at="2018-05-16T16:27:57Z">
          <params>
            <param index="0">
              <value>
                <![CDATA[myjne002@gmail.com]]>
              </value>
            </param>
            <param index="1">
              <value>
                <![CDATA[test123]]>
              </value>
            </param>
            <param index="2">
              <value>
                <![CDATA[fabelio test 1]]>
              </value>
            </param>
            <param index="3">
              <value>
                <![CDATA[000000001]]>
              </value>
            </param>
          </params>
          <reporter-output>
          </reporter-output>
        </test-method> <!-- scenario_satu -->
        <test-method status="PASS" signature="tearDown()[pri:0, instance:testcase.hoverProductAlreadyReviewed@4232c52b]" name="tearDown" is-config="true" duration-ms="1" started-at="2018-05-16T16:27:57Z" finished-at="2018-05-16T16:27:57Z">
          <reporter-output>
          </reporter-output>
        </test-method> <!-- tearDown -->
      </class> <!-- testcase.hoverProductAlreadyReviewed -->
    </test> <!-- Test -->
  </suite> <!-- Suite -->
</testng-results>
