<?xml version="1.0" encoding="UTF-8"?>
<testng-results skipped="0" failed="0" ignored="0" total="1" passed="1">
  <reporter-output>
  </reporter-output>
  <suite name="Suite" duration-ms="42772" started-at="2018-05-17T04:43:20Z" finished-at="2018-05-17T04:44:03Z">
    <groups>
    </groups>
    <test name="Test" duration-ms="42772" started-at="2018-05-17T04:43:20Z" finished-at="2018-05-17T04:44:03Z">
      <class name="testcase.browseProductAnotherPage">
        <test-method status="PASS" signature="setUp(java.lang.String)[pri:0, instance:testcase.browseProductAnotherPage@4232c52b]" name="setUp" is-config="true" duration-ms="1692" started-at="2018-05-17T11:43:20Z" finished-at="2018-05-17T11:43:21Z">
          <params>
            <param index="0">
              <value>
                <![CDATA[chrome]]>
              </value>
            </param>
          </params>
          <reporter-output>
          </reporter-output>
        </test-method> <!-- setUp -->
        <test-method status="PASS" signature="scenario_satu(java.lang.String, java.lang.String, java.lang.String, java.lang.String)[pri:0, instance:testcase.browseProductAnotherPage@4232c52b]" name="scenario_satu" duration-ms="40841" started-at="2018-05-17T11:43:22Z" data-provider="existingCust" finished-at="2018-05-17T11:44:03Z">
          <params>
            <param index="0">
              <value>
                <![CDATA[myjne002@gmail.com]]>
              </value>
            </param>
            <param index="1">
              <value>
                <![CDATA[test123]]>
              </value>
            </param>
            <param index="2">
              <value>
                <![CDATA[fabelio test 1]]>
              </value>
            </param>
            <param index="3">
              <value>
                <![CDATA[000000001]]>
              </value>
            </param>
          </params>
          <reporter-output>
          </reporter-output>
        </test-method> <!-- scenario_satu -->
        <test-method status="PASS" signature="tearDown()[pri:0, instance:testcase.browseProductAnotherPage@4232c52b]" name="tearDown" is-config="true" duration-ms="0" started-at="2018-05-17T11:44:03Z" finished-at="2018-05-17T11:44:03Z">
          <reporter-output>
          </reporter-output>
        </test-method> <!-- tearDown -->
      </class> <!-- testcase.browseProductAnotherPage -->
    </test> <!-- Test -->
  </suite> <!-- Suite -->
</testng-results>
