<?xml version="1.0" encoding="UTF-8"?>
<testng-results skipped="0" failed="0" ignored="0" total="1" passed="1">
  <reporter-output>
  </reporter-output>
  <suite name="Suite" duration-ms="60054" started-at="2018-05-18T09:46:48Z" finished-at="2018-05-18T09:47:48Z">
    <groups>
    </groups>
    <test name="Test" duration-ms="60054" started-at="2018-05-18T09:46:48Z" finished-at="2018-05-18T09:47:48Z">
      <class name="testcase.commentLastAddedProduct">
        <test-method status="PASS" signature="setUp(java.lang.String)[pri:0, instance:testcase.commentLastAddedProduct@184f6be2]" name="setUp" is-config="true" duration-ms="1681" started-at="2018-05-18T16:46:48Z" finished-at="2018-05-18T16:46:49Z">
          <params>
            <param index="0">
              <value>
                <![CDATA[chrome]]>
              </value>
            </param>
          </params>
          <reporter-output>
          </reporter-output>
        </test-method> <!-- setUp -->
        <test-method status="PASS" signature="scenario_satu(java.lang.String, java.lang.String, java.lang.String, java.lang.String)[pri:0, instance:testcase.commentLastAddedProduct@184f6be2]" name="scenario_satu" duration-ms="58170" started-at="2018-05-18T16:46:49Z" data-provider="existingCust" finished-at="2018-05-18T16:47:48Z">
          <params>
            <param index="0">
              <value>
                <![CDATA[myjne002@gmail.com]]>
              </value>
            </param>
            <param index="1">
              <value>
                <![CDATA[test123]]>
              </value>
            </param>
            <param index="2">
              <value>
                <![CDATA[fabelio test 1]]>
              </value>
            </param>
            <param index="3">
              <value>
                <![CDATA[000000001]]>
              </value>
            </param>
          </params>
          <reporter-output>
          </reporter-output>
        </test-method> <!-- scenario_satu -->
        <test-method status="PASS" signature="tearDown()[pri:0, instance:testcase.commentLastAddedProduct@184f6be2]" name="tearDown" is-config="true" duration-ms="1" started-at="2018-05-18T16:47:48Z" finished-at="2018-05-18T16:47:48Z">
          <reporter-output>
          </reporter-output>
        </test-method> <!-- tearDown -->
      </class> <!-- testcase.commentLastAddedProduct -->
    </test> <!-- Test -->
  </suite> <!-- Suite -->
</testng-results>
