<?xml version="1.0" encoding="UTF-8"?>
<testng-results skipped="0" failed="0" ignored="0" total="1" passed="1">
  <reporter-output>
  </reporter-output>
  <suite name="Suite" duration-ms="11210" started-at="2018-09-19T06:27:59Z" finished-at="2018-09-19T06:28:10Z">
    <groups>
    </groups>
    <test name="Test" duration-ms="11210" started-at="2018-09-19T06:27:59Z" finished-at="2018-09-19T06:28:10Z">
      <class name="testcase.createAccountConfirmPasswordDifferent">
        <test-method status="PASS" signature="setUp(java.lang.String)[pri:0, instance:testcase.createAccountConfirmPasswordDifferent@3a883ce7]" name="setUp" is-config="true" duration-ms="2183" started-at="2018-09-19T13:27:59Z" finished-at="2018-09-19T13:28:01Z">
          <params>
            <param index="0">
              <value>
                <![CDATA[chrome]]>
              </value>
            </param>
          </params>
          <reporter-output>
          </reporter-output>
        </test-method> <!-- setUp -->
        <test-method status="PASS" signature="scenario_satu(java.lang.String, java.lang.String, java.lang.String, java.lang.String)[pri:0, instance:testcase.createAccountConfirmPasswordDifferent@3a883ce7]" name="scenario_satu" duration-ms="8588" started-at="2018-09-19T13:28:01Z" data-provider="existingCust" finished-at="2018-09-19T13:28:10Z">
          <params>
            <param index="0">
              <value>
                <![CDATA[myjne004@gmail.com]]>
              </value>
            </param>
            <param index="1">
              <value>
                <![CDATA[test1234]]>
              </value>
            </param>
            <param index="2">
              <value>
                <![CDATA[test123]]>
              </value>
            </param>
            <param index="3">
              <value>
                <![CDATA[passwordbeda]]>
              </value>
            </param>
          </params>
          <reporter-output>
          </reporter-output>
        </test-method> <!-- scenario_satu -->
        <test-method status="PASS" signature="tearDown()[pri:0, instance:testcase.createAccountConfirmPasswordDifferent@3a883ce7]" name="tearDown" is-config="true" duration-ms="1" started-at="2018-09-19T13:28:10Z" finished-at="2018-09-19T13:28:10Z">
          <reporter-output>
          </reporter-output>
        </test-method> <!-- tearDown -->
      </class> <!-- testcase.createAccountConfirmPasswordDifferent -->
    </test> <!-- Test -->
  </suite> <!-- Suite -->
</testng-results>
