<?xml version="1.0" encoding="UTF-8"?>
<testng-results skipped="0" failed="0" ignored="0" total="1" passed="1">
  <reporter-output>
  </reporter-output>
  <suite name="Suite" duration-ms="39485" started-at="2018-05-24T09:03:55Z" finished-at="2018-05-24T09:04:34Z">
    <groups>
    </groups>
    <test name="Test" duration-ms="39485" started-at="2018-05-24T09:03:55Z" finished-at="2018-05-24T09:04:34Z">
      <class name="testcase.forgotPasswordInvalidEmail">
        <test-method status="PASS" signature="setUp(java.lang.String)[pri:0, instance:testcase.forgotPasswordInvalidEmail@4232c52b]" name="setUp" is-config="true" duration-ms="1480" started-at="2018-05-24T16:03:55Z" finished-at="2018-05-24T16:03:56Z">
          <params>
            <param index="0">
              <value>
                <![CDATA[chrome]]>
              </value>
            </param>
          </params>
          <reporter-output>
          </reporter-output>
        </test-method> <!-- setUp -->
        <test-method status="PASS" signature="scenario_satu(java.lang.String, java.lang.String, java.lang.String, java.lang.String)[pri:0, instance:testcase.forgotPasswordInvalidEmail@4232c52b]" name="scenario_satu" duration-ms="37815" started-at="2018-05-24T16:03:56Z" data-provider="existingCust" finished-at="2018-05-24T16:04:34Z">
          <params>
            <param index="0">
              <value>
                <![CDATA[myjne004@gmail.com]]>
              </value>
            </param>
            <param index="1">
              <value>
                <![CDATA[test1234]]>
              </value>
            </param>
            <param index="2">
              <value>
                <![CDATA[test123]]>
              </value>
            </param>
            <param index="3">
              <value>
                <![CDATA[passwordbeda]]>
              </value>
            </param>
          </params>
          <reporter-output>
          </reporter-output>
        </test-method> <!-- scenario_satu -->
        <test-method status="PASS" signature="tearDown()[pri:0, instance:testcase.forgotPasswordInvalidEmail@4232c52b]" name="tearDown" is-config="true" duration-ms="0" started-at="2018-05-24T16:04:34Z" finished-at="2018-05-24T16:04:34Z">
          <reporter-output>
          </reporter-output>
        </test-method> <!-- tearDown -->
      </class> <!-- testcase.forgotPasswordInvalidEmail -->
    </test> <!-- Test -->
  </suite> <!-- Suite -->
</testng-results>
