<?xml version="1.0" encoding="UTF-8"?>
<testng-results skipped="0" failed="0" ignored="0" total="1" passed="1">
  <reporter-output>
  </reporter-output>
  <suite name="Suite" duration-ms="108359" started-at="2018-06-05T03:55:21Z" finished-at="2018-06-05T03:57:09Z">
    <groups>
    </groups>
    <test name="Test" duration-ms="108359" started-at="2018-06-05T03:55:21Z" finished-at="2018-06-05T03:57:09Z">
      <class name="testcase.searchBrand">
        <test-method status="PASS" signature="setUp(java.lang.String)[pri:0, instance:testcase.searchBrand@3a883ce7]" name="setUp" is-config="true" duration-ms="2519" started-at="2018-06-05T10:55:21Z" finished-at="2018-06-05T10:55:23Z">
          <params>
            <param index="0">
              <value>
                <![CDATA[chrome]]>
              </value>
            </param>
          </params>
          <reporter-output>
          </reporter-output>
        </test-method> <!-- setUp -->
        <test-method status="PASS" signature="scenario_satu(java.lang.String, java.lang.String, java.lang.String, java.lang.String)[pri:0, instance:testcase.searchBrand@3a883ce7]" name="scenario_satu" duration-ms="105446" started-at="2018-06-05T10:55:24Z" data-provider="existingCust" finished-at="2018-06-05T10:57:09Z">
          <params>
            <param index="0">
              <value>
                <![CDATA[myjne003@gmail.com]]>
              </value>
            </param>
            <param index="1">
              <value>
                <![CDATA[test123]]>
              </value>
            </param>
            <param index="2">
              <value>
                <![CDATA[test123]]>
              </value>
            </param>
            <param index="3">
              <value>
                <![CDATA[automationfirst]]>
              </value>
            </param>
          </params>
          <reporter-output>
          </reporter-output>
        </test-method> <!-- scenario_satu -->
        <test-method status="PASS" signature="tearDown()[pri:0, instance:testcase.searchBrand@3a883ce7]" name="tearDown" is-config="true" duration-ms="0" started-at="2018-06-05T10:57:09Z" finished-at="2018-06-05T10:57:09Z">
          <reporter-output>
          </reporter-output>
        </test-method> <!-- tearDown -->
      </class> <!-- testcase.searchBrand -->
    </test> <!-- Test -->
  </suite> <!-- Suite -->
</testng-results>
