<?xml version="1.0" encoding="UTF-8"?>
<testng-results skipped="0" failed="0" ignored="0" total="1" passed="1">
  <reporter-output>
  </reporter-output>
  <suite name="Suite" duration-ms="9977" started-at="2018-09-19T11:30:51Z" finished-at="2018-09-19T11:31:01Z">
    <groups>
    </groups>
    <test name="Test" duration-ms="9977" started-at="2018-09-19T11:30:51Z" finished-at="2018-09-19T11:31:01Z">
      <class name="testcase.createAccountUncheckTerms">
        <test-method status="PASS" signature="setUp(java.lang.String)[pri:0, instance:testcase.createAccountUncheckTerms@3a883ce7]" name="setUp" is-config="true" duration-ms="1884" started-at="2018-09-19T18:30:51Z" finished-at="2018-09-19T18:30:53Z">
          <params>
            <param index="0">
              <value>
                <![CDATA[chrome]]>
              </value>
            </param>
          </params>
          <reporter-output>
          </reporter-output>
        </test-method> <!-- setUp -->
        <test-method status="PASS" signature="scenario_satu(java.lang.String, java.lang.String, java.lang.String, java.lang.String)[pri:0, instance:testcase.createAccountUncheckTerms@3a883ce7]" name="scenario_satu" duration-ms="7750" started-at="2018-09-19T18:30:53Z" data-provider="usernameless" finished-at="2018-09-19T18:31:01Z">
          <params>
            <param index="0">
              <value>
                <![CDATA[qaselenium84@mailinator.com]]>
              </value>
            </param>
            <param index="1">
              <value>
                <![CDATA[test123]]>
              </value>
            </param>
            <param index="2">
              <value>
                <![CDATA[test123]]>
              </value>
            </param>
            <param index="3">
              <value>
                <![CDATA[qa084]]>
              </value>
            </param>
          </params>
          <reporter-output>
          </reporter-output>
        </test-method> <!-- scenario_satu -->
        <test-method status="PASS" signature="tearDown()[pri:0, instance:testcase.createAccountUncheckTerms@3a883ce7]" name="tearDown" is-config="true" duration-ms="0" started-at="2018-09-19T18:31:01Z" finished-at="2018-09-19T18:31:01Z">
          <reporter-output>
          </reporter-output>
        </test-method> <!-- tearDown -->
      </class> <!-- testcase.createAccountUncheckTerms -->
    </test> <!-- Test -->
  </suite> <!-- Suite -->
</testng-results>
