<?xml version="1.0" encoding="UTF-8"?>
<testng-results skipped="0" failed="0" ignored="0" total="1" passed="1">
  <reporter-output>
  </reporter-output>
  <suite name="Suite" duration-ms="48763" started-at="2018-05-15T12:15:17Z" finished-at="2018-05-15T12:16:06Z">
    <groups>
    </groups>
    <test name="Test" duration-ms="48763" started-at="2018-05-15T12:15:17Z" finished-at="2018-05-15T12:16:06Z">
      <class name="testcase.addProductImageUrl">
        <test-method status="PASS" signature="setUp(java.lang.String)[pri:0, instance:testcase.addProductImageUrl@4232c52b]" name="setUp" is-config="true" duration-ms="1525" started-at="2018-05-15T19:15:17Z" finished-at="2018-05-15T19:15:18Z">
          <params>
            <param index="0">
              <value>
                <![CDATA[chrome]]>
              </value>
            </param>
          </params>
          <reporter-output>
          </reporter-output>
        </test-method> <!-- setUp -->
        <test-method status="PASS" signature="scenario_satu(java.lang.String, java.lang.String, java.lang.String, java.lang.String)[pri:0, instance:testcase.addProductImageUrl@4232c52b]" name="scenario_satu" duration-ms="47028" started-at="2018-05-15T19:15:19Z" data-provider="existingCust" finished-at="2018-05-15T19:16:06Z">
          <params>
            <param index="0">
              <value>
                <![CDATA[myjne002@gmail.com]]>
              </value>
            </param>
            <param index="1">
              <value>
                <![CDATA[test123]]>
              </value>
            </param>
            <param index="2">
              <value>
                <![CDATA[fabelio test 1]]>
              </value>
            </param>
            <param index="3">
              <value>
                <![CDATA[000000001]]>
              </value>
            </param>
          </params>
          <reporter-output>
          </reporter-output>
        </test-method> <!-- scenario_satu -->
        <test-method status="PASS" signature="tearDown()[pri:0, instance:testcase.addProductImageUrl@4232c52b]" name="tearDown" is-config="true" duration-ms="0" started-at="2018-05-15T19:16:06Z" finished-at="2018-05-15T19:16:06Z">
          <reporter-output>
          </reporter-output>
        </test-method> <!-- tearDown -->
      </class> <!-- testcase.addProductImageUrl -->
    </test> <!-- Test -->
  </suite> <!-- Suite -->
</testng-results>
