<?xml version="1.0" encoding="UTF-8"?>
<testng-results skipped="0" failed="0" ignored="0" total="1" passed="1">
  <reporter-output>
  </reporter-output>
  <suite name="Suite" duration-ms="78293" started-at="2018-05-31T06:38:43Z" finished-at="2018-05-31T06:40:01Z">
    <groups>
    </groups>
    <test name="Test" duration-ms="78293" started-at="2018-05-31T06:38:43Z" finished-at="2018-05-31T06:40:01Z">
      <class name="testcase.searchBrand">
        <test-method status="PASS" signature="setUp(java.lang.String)[pri:0, instance:testcase.searchBrand@3a883ce7]" name="setUp" is-config="true" duration-ms="1439" started-at="2018-05-31T13:38:43Z" finished-at="2018-05-31T13:38:44Z">
          <params>
            <param index="0">
              <value>
                <![CDATA[chrome]]>
              </value>
            </param>
          </params>
          <reporter-output>
          </reporter-output>
        </test-method> <!-- setUp -->
        <test-method status="PASS" signature="scenario_satu(java.lang.String, java.lang.String, java.lang.String, java.lang.String)[pri:0, instance:testcase.searchBrand@3a883ce7]" name="scenario_satu" duration-ms="76664" started-at="2018-05-31T13:38:44Z" data-provider="existingCust" finished-at="2018-05-31T13:40:01Z">
          <params>
            <param index="0">
              <value>
                <![CDATA[myjne003@gmail.com]]>
              </value>
            </param>
            <param index="1">
              <value>
                <![CDATA[test123]]>
              </value>
            </param>
            <param index="2">
              <value>
                <![CDATA[test123]]>
              </value>
            </param>
            <param index="3">
              <value>
                <![CDATA[automationfirst]]>
              </value>
            </param>
          </params>
          <reporter-output>
          </reporter-output>
        </test-method> <!-- scenario_satu -->
        <test-method status="PASS" signature="tearDown()[pri:0, instance:testcase.searchBrand@3a883ce7]" name="tearDown" is-config="true" duration-ms="1" started-at="2018-05-31T13:40:01Z" finished-at="2018-05-31T13:40:01Z">
          <reporter-output>
          </reporter-output>
        </test-method> <!-- tearDown -->
      </class> <!-- testcase.searchBrand -->
    </test> <!-- Test -->
  </suite> <!-- Suite -->
</testng-results>
