<?xml version="1.0" encoding="UTF-8"?>
<testng-results skipped="0" failed="0" ignored="0" total="1" passed="1">
  <reporter-output>
  </reporter-output>
  <suite name="Suite" duration-ms="31652" started-at="2018-09-24T08:06:15Z" finished-at="2018-09-24T08:06:47Z">
    <groups>
    </groups>
    <test name="Test" duration-ms="31652" started-at="2018-09-24T08:06:15Z" finished-at="2018-09-24T08:06:47Z">
      <class name="testcase.addProductImageUrl">
        <test-method status="PASS" signature="setUp(java.lang.String)[pri:0, instance:testcase.addProductImageUrl@3a883ce7]" name="setUp" is-config="true" duration-ms="2047" started-at="2018-09-24T15:06:15Z" finished-at="2018-09-24T15:06:17Z">
          <params>
            <param index="0">
              <value>
                <![CDATA[chrome]]>
              </value>
            </param>
          </params>
          <reporter-output>
          </reporter-output>
        </test-method> <!-- setUp -->
        <test-method status="PASS" signature="scenario_satu(java.lang.String, java.lang.String, java.lang.String, java.lang.String)[pri:0, instance:testcase.addProductImageUrl@3a883ce7]" name="scenario_satu" duration-ms="29104" started-at="2018-09-24T15:06:18Z" data-provider="existingCust" finished-at="2018-09-24T15:06:47Z">
          <params>
            <param index="0">
              <value>
                <![CDATA[myjne003@gmail.com]]>
              </value>
            </param>
            <param index="1">
              <value>
                <![CDATA[test123]]>
              </value>
            </param>
            <param index="2">
              <value>
                <![CDATA[test123]]>
              </value>
            </param>
            <param index="3">
              <value>
                <![CDATA[automationfirst]]>
              </value>
            </param>
          </params>
          <reporter-output>
          </reporter-output>
        </test-method> <!-- scenario_satu -->
        <test-method status="PASS" signature="tearDown()[pri:0, instance:testcase.addProductImageUrl@3a883ce7]" name="tearDown" is-config="true" duration-ms="0" started-at="2018-09-24T15:06:47Z" finished-at="2018-09-24T15:06:47Z">
          <reporter-output>
          </reporter-output>
        </test-method> <!-- tearDown -->
      </class> <!-- testcase.addProductImageUrl -->
    </test> <!-- Test -->
  </suite> <!-- Suite -->
</testng-results>
