<?xml version="1.0" encoding="UTF-8"?>
<testng-results skipped="0" failed="0" ignored="0" total="1" passed="1">
  <reporter-output>
  </reporter-output>
  <suite name="Suite" duration-ms="63322" started-at="2018-05-15T09:58:31Z" finished-at="2018-05-15T09:59:35Z">
    <groups>
    </groups>
    <test name="Test" duration-ms="63322" started-at="2018-05-15T09:58:31Z" finished-at="2018-05-15T09:59:35Z">
      <class name="testcase.addProductLoggedIn">
        <test-method status="PASS" signature="setUp(java.lang.String)[pri:0, instance:testcase.addProductLoggedIn@4232c52b]" name="setUp" is-config="true" duration-ms="1712" started-at="2018-05-15T16:58:31Z" finished-at="2018-05-15T16:58:33Z">
          <params>
            <param index="0">
              <value>
                <![CDATA[chrome]]>
              </value>
            </param>
          </params>
          <reporter-output>
          </reporter-output>
        </test-method> <!-- setUp -->
        <test-method status="PASS" signature="scenario_satu(java.lang.String, java.lang.String, java.lang.String, java.lang.String)[pri:0, instance:testcase.addProductLoggedIn@4232c52b]" name="scenario_satu" duration-ms="61357" started-at="2018-05-15T16:58:33Z" data-provider="existingCust" finished-at="2018-05-15T16:59:35Z">
          <params>
            <param index="0">
              <value>
                <![CDATA[myjne002@gmail.com]]>
              </value>
            </param>
            <param index="1">
              <value>
                <![CDATA[test123]]>
              </value>
            </param>
            <param index="2">
              <value>
                <![CDATA[fabelio test 1]]>
              </value>
            </param>
            <param index="3">
              <value>
                <![CDATA[000000001]]>
              </value>
            </param>
          </params>
          <reporter-output>
          </reporter-output>
        </test-method> <!-- scenario_satu -->
        <test-method status="PASS" signature="tearDown()[pri:0, instance:testcase.addProductLoggedIn@4232c52b]" name="tearDown" is-config="true" duration-ms="1" started-at="2018-05-15T16:59:35Z" finished-at="2018-05-15T16:59:35Z">
          <reporter-output>
          </reporter-output>
        </test-method> <!-- tearDown -->
      </class> <!-- testcase.addProductLoggedIn -->
    </test> <!-- Test -->
  </suite> <!-- Suite -->
</testng-results>
