<?xml version="1.0" encoding="UTF-8"?>
<testng-results skipped="0" failed="0" ignored="0" total="1" passed="1">
  <reporter-output>
  </reporter-output>
  <suite name="Suite" duration-ms="57914" started-at="2018-05-07T02:39:11Z" finished-at="2018-05-07T02:40:09Z">
    <groups>
    </groups>
    <test name="Test" duration-ms="57914" started-at="2018-05-07T02:39:11Z" finished-at="2018-05-07T02:40:09Z">
      <class name="testcase.checkoutNoSnap">
        <test-method status="PASS" signature="setUp(java.lang.String)[pri:0, instance:testcase.checkoutNoSnap@57e1b0c]" name="setUp" is-config="true" duration-ms="1793" started-at="2018-05-07T09:39:11Z" finished-at="2018-05-07T09:39:13Z">
          <params>
            <param index="0">
              <value>
                <![CDATA[chrome]]>
              </value>
            </param>
          </params>
          <reporter-output>
          </reporter-output>
        </test-method> <!-- setUp -->
        <test-method status="PASS" signature="scenario_satu()[pri:0, instance:testcase.checkoutNoSnap@57e1b0c]" name="scenario_satu" duration-ms="56103" started-at="2018-05-07T09:39:13Z" finished-at="2018-05-07T09:40:09Z">
          <reporter-output>
          </reporter-output>
        </test-method> <!-- scenario_satu -->
        <test-method status="PASS" signature="tearDown()[pri:0, instance:testcase.checkoutNoSnap@57e1b0c]" name="tearDown" is-config="true" duration-ms="1" started-at="2018-05-07T09:40:09Z" finished-at="2018-05-07T09:40:09Z">
          <reporter-output>
          </reporter-output>
        </test-method> <!-- tearDown -->
      </class> <!-- testcase.checkoutNoSnap -->
    </test> <!-- Test -->
  </suite> <!-- Suite -->
</testng-results>
