<?xml version="1.0" encoding="UTF-8"?>
<testng-results skipped="0" failed="1" ignored="0" total="1" passed="0">
  <reporter-output>
  </reporter-output>
  <suite name="Suite" duration-ms="49844" started-at="2018-05-02T10:38:33Z" finished-at="2018-05-02T10:39:23Z">
    <groups>
    </groups>
    <test name="Test" duration-ms="49844" started-at="2018-05-02T10:38:33Z" finished-at="2018-05-02T10:39:23Z">
      <class name="testcase.checkoutLoginSnap">
        <test-method status="PASS" signature="setUp(java.lang.String)[pri:0, instance:testcase.checkoutLoginSnap@57e1b0c]" name="setUp" is-config="true" duration-ms="3219" started-at="2018-05-02T17:38:33Z" finished-at="2018-05-02T17:38:36Z">
          <params>
            <param index="0">
              <value>
                <![CDATA[chrome]]>
              </value>
            </param>
          </params>
          <reporter-output>
          </reporter-output>
        </test-method> <!-- setUp -->
        <test-method status="FAIL" signature="scenario_satu(java.lang.String, java.lang.String, java.lang.String, java.lang.String)[pri:0, instance:testcase.checkoutLoginSnap@57e1b0c]" name="scenario_satu" duration-ms="46422" started-at="2018-05-02T17:38:37Z" data-provider="existingCust2" finished-at="2018-05-02T17:39:23Z">
          <params>
            <param index="0">
              <value>
                <![CDATA[myjne002@gmail.com]]>
              </value>
            </param>
            <param index="1">
              <value>
                <![CDATA[test123]]>
              </value>
            </param>
            <param index="2">
              <value>
                <![CDATA[fabelio test 1]]>
              </value>
            </param>
            <param index="3">
              <value>
                <![CDATA[000000001]]>
              </value>
            </param>
          </params>
          <exception class="org.openqa.selenium.TimeoutException">
            <message>
              <![CDATA[Expected condition failed: waiting for visibility of element located by By.xpath: //*[@id='cart-add-notification']/div (tried for 15 second(s) with 500 MILLISECONDS interval)
Build info: version: '3.5.3', revision: 'a88d25fe6b', time: '2017-08-29T12:42:44.417Z'
System info: host: 'MacBook-Pro-Pras.local', ip: 'fe80:0:0:0:10b3:a35f:494d:b010%en0', os.name: 'Mac OS X', os.arch: 'x86_64', os.version: '10.13.4', java.version: '1.8.0_102'
Driver info: org.openqa.selenium.remote.RemoteWebDriver
Capabilities [{mobileEmulationEnabled=false, hasTouchScreen=false, platform=MAC, acceptSslCerts=false, acceptInsecureCerts=false, webStorageEnabled=true, browserName=chrome, takesScreenshot=true, javascriptEnabled=true, platformName=MAC, setWindowRect=true, unexpectedAlertBehaviour=, applicationCacheEnabled=false, rotatable=false, networkConnectionEnabled=false, chrome={chromedriverVersion=2.35.528157 (4429ca2590d6988c0745c24c8858745aaaec01ef), userDataDir=/var/folders/6n/hnqkb6b13dl8wyt18q7gbwdw0000gn/T/.org.chromium.Chromium.VKQWem}, takesHeapSnapshot=true, pageLoadStrategy=normal, unhandledPromptBehavior=, databaseEnabled=false, handlesAlerts=true, version=66.0.3359.139, browserConnectionEnabled=false, nativeEvents=true, locationContextEnabled=true, cssSelectorsEnabled=true}]
Session ID: b1ab9d31425c3bf507369680b14b19ec]]>
            </message>
            <full-stacktrace>
              <![CDATA[org.openqa.selenium.TimeoutException: Expected condition failed: waiting for visibility of element located by By.xpath: //*[@id='cart-add-notification']/div (tried for 15 second(s) with 500 MILLISECONDS interval)
Build info: version: '3.5.3', revision: 'a88d25fe6b', time: '2017-08-29T12:42:44.417Z'
System info: host: 'MacBook-Pro-Pras.local', ip: 'fe80:0:0:0:10b3:a35f:494d:b010%en0', os.name: 'Mac OS X', os.arch: 'x86_64', os.version: '10.13.4', java.version: '1.8.0_102'
Driver info: org.openqa.selenium.remote.RemoteWebDriver
Capabilities [{mobileEmulationEnabled=false, hasTouchScreen=false, platform=MAC, acceptSslCerts=false, acceptInsecureCerts=false, webStorageEnabled=true, browserName=chrome, takesScreenshot=true, javascriptEnabled=true, platformName=MAC, setWindowRect=true, unexpectedAlertBehaviour=, applicationCacheEnabled=false, rotatable=false, networkConnectionEnabled=false, chrome={chromedriverVersion=2.35.528157 (4429ca2590d6988c0745c24c8858745aaaec01ef), userDataDir=/var/folders/6n/hnqkb6b13dl8wyt18q7gbwdw0000gn/T/.org.chromium.Chromium.VKQWem}, takesHeapSnapshot=true, pageLoadStrategy=normal, unhandledPromptBehavior=, databaseEnabled=false, handlesAlerts=true, version=66.0.3359.139, browserConnectionEnabled=false, nativeEvents=true, locationContextEnabled=true, cssSelectorsEnabled=true}]
Session ID: b1ab9d31425c3bf507369680b14b19ec
	at org.openqa.selenium.support.ui.WebDriverWait.timeoutException(WebDriverWait.java:80)
	at org.openqa.selenium.support.ui.FluentWait.until(FluentWait.java:232)
	at pageObjects.AssertElement.assertbeliclicked(AssertElement.java:74)
	at testcase.checkoutLoginSnap.scenario_satu(checkoutLoginSnap.java:128)
	at sun.reflect.NativeMethodAccessorImpl.invoke0(Native Method)
	at sun.reflect.NativeMethodAccessorImpl.invoke(NativeMethodAccessorImpl.java:62)
	at sun.reflect.DelegatingMethodAccessorImpl.invoke(DelegatingMethodAccessorImpl.java:43)
	at java.lang.reflect.Method.invoke(Method.java:498)
	at org.testng.internal.MethodInvocationHelper.invokeMethod(MethodInvocationHelper.java:108)
	at org.testng.internal.Invoker.invokeMethod(Invoker.java:661)
	at org.testng.internal.Invoker.invokeTestMethod(Invoker.java:869)
	at org.testng.internal.Invoker.invokeTestMethods(Invoker.java:1193)
	at org.testng.internal.TestMethodWorker.invokeTestMethods(TestMethodWorker.java:126)
	at org.testng.internal.TestMethodWorker.run(TestMethodWorker.java:109)
	at org.testng.TestRunner.privateRun(TestRunner.java:744)
	at org.testng.TestRunner.run(TestRunner.java:602)
	at org.testng.SuiteRunner.runTest(SuiteRunner.java:380)
	at org.testng.SuiteRunner.access$000(SuiteRunner.java:39)
	at org.testng.SuiteRunner$SuiteWorker.run(SuiteRunner.java:414)
	at org.testng.internal.thread.ThreadUtil$1.call(ThreadUtil.java:52)
	at java.util.concurrent.FutureTask.run(FutureTask.java:266)
	at java.util.concurrent.ThreadPoolExecutor.runWorker(ThreadPoolExecutor.java:1142)
	at java.util.concurrent.ThreadPoolExecutor$Worker.run(ThreadPoolExecutor.java:617)
	at java.lang.Thread.run(Thread.java:745)
]]>
            </full-stacktrace>
          </exception> <!-- org.openqa.selenium.TimeoutException -->
          <reporter-output>
          </reporter-output>
        </test-method> <!-- scenario_satu -->
        <test-method status="PASS" signature="tearDown()[pri:0, instance:testcase.checkoutLoginSnap@57e1b0c]" name="tearDown" is-config="true" duration-ms="1" started-at="2018-05-02T17:39:23Z" finished-at="2018-05-02T17:39:23Z">
          <reporter-output>
          </reporter-output>
        </test-method> <!-- tearDown -->
      </class> <!-- testcase.checkoutLoginSnap -->
    </test> <!-- Test -->
  </suite> <!-- Suite -->
</testng-results>
